2015-worlds demo/ftc_sdk_4_04_beta_04/ftc_sdk/FtcDriverStation/build/outputs/apk/manifest-merger-debug-report.txt
-- Merging decision tree log ---
manifest
ADDED from AndroidManifest.xml:2:1
	package
		ADDED from AndroidManifest.xml:3:11
	android:versionName
		ADDED from AndroidManifest.xml:5:11
	android:versionCode
		ADDED from AndroidManifest.xml:4:11
		INJECTED from AndroidManifest.xml:0:0
		INJECTED from AndroidManifest.xml:0:0
	xmlns:android
		ADDED from AndroidManifest.xml:2:11
uses-permission#android.permission.ACCESS_WIFI_STATE
ADDED from AndroidManifest.xml:7:3
MERGED from ftc_sdk:FtcCommon:unspecified:11:5
	android:required
		ADDED from AndroidManifest.xml:9:5
	android:name
		ADDED from AndroidManifest.xml:8:5
uses-permission#android.permission.CHANGE_WIFI_STATE
ADDED from AndroidManifest.xml:10:3
MERGED from ftc_sdk:FtcCommon:unspecified:14:5
	android:required
		ADDED from AndroidManifest.xml:12:5
	android:name
		ADDED from AndroidManifest.xml:11:5
uses-permission#android.permission.ACCESS_NETWORK_STATE
ADDED from AndroidManifest.xml:13:3
MERGED from ftc_sdk:FtcCommon:unspecified:17:5
	android:required
		ADDED from AndroidManifest.xml:15:5
	android:name
		ADDED from AndroidManifest.xml:14:5
uses-permission#android.permission.CHANGE_NETWORK_STATE
ADDED from AndroidManifest.xml:16:3
MERGED from ftc_sdk:FtcCommon:unspecified:20:5
	android:required
		ADDED from AndroidManifest.xml:18:5
	android:name
		ADDED from AndroidManifest.xml:17:5
uses-permission#android.permission.INTERNET
ADDED from AndroidManifest.xml:19:3
MERGED from ftc_sdk:FtcCommon:unspecified:23:5
	android:required
		ADDED from AndroidManifest.xml:21:5
	android:name
		ADDED from AndroidManifest.xml:20:5
uses-permission#android.permission.WRITE_EXTERNAL_STORAGE
ADDED from AndroidManifest.xml:22:3
MERGED from ftc_sdk:FtcCommon:unspecified:26:5
	android:required
		ADDED from AndroidManifest.xml:24:5
	android:name
		ADDED from AndroidManifest.xml:23:5
uses-permission#android.permission.READ_EXTERNAL_STORAGE
ADDED from AndroidManifest.xml:25:3
MERGED from ftc_sdk:FtcCommon:unspecified:29:5
	android:required
		ADDED from AndroidManifest.xml:27:5
	android:name
		ADDED from AndroidManifest.xml:26:5
application
ADDED from AndroidManifest.xml:29:3
MERGED from ftc_sdk:FtcCommon:unspecified:38:5
	android:label
		ADDED from AndroidManifest.xml:32:5
	android:allowBackup
		ADDED from AndroidManifest.xml:30:5
	android:icon
		ADDED from AndroidManifest.xml:31:5
	android:theme
		ADDED from AndroidManifest.xml:33:5
activity#com.qualcomm.ftcdriverstation.FtcDriverStationActivity
ADDED from AndroidManifest.xml:34:5
	android:label
		ADDED from AndroidManifest.xml:37:7
	android:configChanges
		ADDED from AndroidManifest.xml:36:7
	android:name
		ADDED from AndroidManifest.xml:35:7
intent-filter#android.intent.action.MAIN+android.intent.category.LAUNCHER
ADDED from AndroidManifest.xml:38:7
action#android.intent.action.MAIN
ADDED from AndroidManifest.xml:39:9
	android:name
		ADDED from AndroidManifest.xml:39:17
category#android.intent.category.LAUNCHER
ADDED from AndroidManifest.xml:41:9
	android:name
		ADDED from AndroidManifest.xml:41:19
activity#com.qualcomm.ftcdriverstation.AboutActivity
ADDED from AndroidManifest.xml:44:5
	android:label
		ADDED from AndroidManifest.xml:46:7
	android:name
		ADDED from AndroidManifest.xml:45:7
activity#com.qualcomm.ftcdriverstation.SettingsActivity
ADDED from AndroidManifest.xml:47:5
	android:label
		ADDED from AndroidManifest.xml:49:7
	android:name
		ADDED from AndroidManifest.xml:48:7
activity#com.qualcomm.ftcdriverstation.FtcPairWifiDirectActivity
ADDED from AndroidManifest.xml:50:5
	android:label
		ADDED from AndroidManifest.xml:52:7
	android:name
		ADDED from AndroidManifest.xml:51:7
activity#com.qualcomm.ftcdriverstation.ConfigWifiDirectActivity
ADDED from AndroidManifest.xml:53:5
	android:label
		ADDED from AndroidManifest.xml:55:7
	android:name
		ADDED from AndroidManifest.xml:54:7
uses-sdk
INJECTED from AndroidManifest.xml:0:0 reason: use-sdk injection requested
MERGED from ftc_sdk:FtcCommon:unspecified:7:5
MERGED from ftc_sdk:RobotCore:unspecified:7:5
	android:targetSdkVersion
		INJECTED from AndroidManifest.xml:0:0
		INJECTED from AndroidManifest.xml:0:0
	android:minSdkVersion
		INJECTED from AndroidManifest.xml:0:0
		INJECTED from AndroidManifest.xml:0:0
uses-permission#android.permission.WRITE_SETTINGS
ADDED from ftc_sdk:FtcCommon:unspecified:32:5
	android:required
		ADDED from ftc_sdk:FtcCommon:unspecified:34:9
	android:name
		ADDED from ftc_sdk:FtcCommon:unspecified:33:9
service#com.qualcomm.ftccommon.FtcRobotControllerService
ADDED from ftc_sdk:FtcCommon:unspecified:36:5
	android:name
		ADDED from ftc_sdk:FtcCommon:unspecified:36:14
activity#com.qualcomm.ftccommon.ConfigWifiDirectActivity
ADDED from ftc_sdk:FtcCommon:unspecified:42:9
	android:label
		ADDED from ftc_sdk:FtcCommon:unspecified:44:13
	android:name
		ADDED from ftc_sdk:FtcCommon:unspecified:43:13
uses-feature#0x00020000
ADDED from ftc_sdk:RobotCore:unspecified:11:5
	android:glEsVersion
		ADDED from ftc_sdk:RobotCore:unspecified:11:19